DEBUG main org.springframework.beans.factory.xml.PluggableSchemaResolver - Found XML schema [http://www.springframework.org/schema/beans/spring-beans-4.0.xsd] in classpath: org/springframework/beans/factory/xml/spring-beans-4.0.xsd
DEBUG main org.springframework.beans.factory.xml.DefaultBeanDefinitionDocumentReader - Loading bean definitions
DEBUG main org.springframework.beans.factory.xml.BeanDefinitionParserDelegate - Neither XML 'id' nor 'name' specified - using generated bean name [org.mybatis.spring.mapper.MapperScannerConfigurer#0]
DEBUG main org.springframework.beans.factory.xml.XmlBeanDefinitionReader - Loaded 3 bean definitions from location pattern [applicationContext.xml]
DEBUG main org.springframework.context.support.ClassPathXmlApplicationContext - Bean factory for org.springframework.context.support.ClassPathXmlApplicationContext@26f0a63f: org.springframework.beans.factory.support.DefaultListableBeanFactory@d8355a8: defining beans [dataSource,sessionFactory,org.mybatis.spring.mapper.MapperScannerConfigurer#0]; root of factory hierarchy
DEBUG main org.springframework.beans.factory.support.DefaultListableBeanFactory - Creating shared instance of singleton bean 'org.mybatis.spring.mapper.MapperScannerConfigurer#0'
DEBUG main org.springframework.beans.factory.support.DefaultListableBeanFactory - Creating instance of bean 'org.mybatis.spring.mapper.MapperScannerConfigurer#0'
DEBUG main org.springframework.beans.factory.support.DefaultListableBeanFactory - Eagerly caching bean 'org.mybatis.spring.mapper.MapperScannerConfigurer#0' to allow for resolving potential circular references
DEBUG main org.springframework.beans.factory.support.DefaultListableBeanFactory - Creating shared instance of singleton bean 'sessionFactory'
DEBUG main org.springframework.beans.factory.support.DefaultListableBeanFactory - Creating instance of bean 'sessionFactory'
DEBUG main org.apache.ibatis.logging.LogFactory - Logging initialized using 'class org.apache.ibatis.logging.slf4j.Slf4jImpl' adapter.
DEBUG main org.springframework.beans.factory.support.DefaultListableBeanFactory - Eagerly caching bean 'sessionFactory' to allow for resolving potential circular references
DEBUG main org.springframework.beans.factory.support.DefaultListableBeanFactory - Creating shared instance of singleton bean 'dataSource'
DEBUG main org.springframework.beans.factory.support.DefaultListableBeanFactory - Creating instance of bean 'dataSource'
DEBUG main org.springframework.beans.factory.support.DefaultListableBeanFactory - Eagerly caching bean 'dataSource' to allow for resolving potential circular references
DEBUG main org.springframework.beans.factory.support.DefaultListableBeanFactory - Finished creating instance of bean 'dataSource'
DEBUG main org.springframework.core.io.support.PathMatchingResourcePatternResolver - Looking for matching resources in directory tree [D:\IdeaProjects\SpringBootWorkPath\SSM_SHOP\target\classes\com\wh\mapper]
DEBUG main org.springframework.core.io.support.PathMatchingResourcePatternResolver - Searching directory [D:\IdeaProjects\SpringBootWorkPath\SSM_SHOP\target\classes\com\wh\mapper] for files matching pattern [D:/IdeaProjects/SpringBootWorkPath/SSM_SHOP/target/classes/com/wh/mapper/*.xml]
DEBUG main org.springframework.core.io.support.PathMatchingResourcePatternResolver - Resolved location pattern [classpath:com/wh/mapper/*.xml] to resources [file [D:\IdeaProjects\SpringBootWorkPath\SSM_SHOP\target\classes\com\wh\mapper\SmbmsAddressMapper.xml], file [D:\IdeaProjects\SpringBootWorkPath\SSM_SHOP\target\classes\com\wh\mapper\SmbmsBillMapper.xml], file [D:\IdeaProjects\SpringBootWorkPath\SSM_SHOP\target\classes\com\wh\mapper\SmbmsProviderMapper.xml], file [D:\IdeaProjects\SpringBootWorkPath\SSM_SHOP\target\classes\com\wh\mapper\SmbmsRoleMapper.xml], file [D:\IdeaProjects\SpringBootWorkPath\SSM_SHOP\target\classes\com\wh\mapper\SmbmsUserMapper.xml]]
DEBUG main org.springframework.beans.factory.support.DefaultListableBeanFactory - Invoking afterPropertiesSet() on bean with name 'sessionFactory'
DEBUG main org.mybatis.spring.SqlSessionFactoryBean - Property 'configLocation' not specified, using default MyBatis Configuration
DEBUG main org.mybatis.spring.SqlSessionFactoryBean - Parsed mapper file: 'file [D:\IdeaProjects\SpringBootWorkPath\SSM_SHOP\target\classes\com\wh\mapper\SmbmsAddressMapper.xml]'
DEBUG main org.mybatis.spring.SqlSessionFactoryBean - Parsed mapper file: 'file [D:\IdeaProjects\SpringBootWorkPath\SSM_SHOP\target\classes\com\wh\mapper\SmbmsBillMapper.xml]'
DEBUG main org.mybatis.spring.SqlSessionFactoryBean - Parsed mapper file: 'file [D:\IdeaProjects\SpringBootWorkPath\SSM_SHOP\target\classes\com\wh\mapper\SmbmsProviderMapper.xml]'
DEBUG main org.mybatis.spring.SqlSessionFactoryBean - Parsed mapper file: 'file [D:\IdeaProjects\SpringBootWorkPath\SSM_SHOP\target\classes\com\wh\mapper\SmbmsRoleMapper.xml]'
DEBUG main org.mybatis.spring.SqlSessionFactoryBean - Parsed mapper file: 'file [D:\IdeaProjects\SpringBootWorkPath\SSM_SHOP\target\classes\com\wh\mapper\SmbmsUserMapper.xml]'
DEBUG main org.springframework.beans.factory.support.DefaultListableBeanFactory - Finished creating instance of bean 'sessionFactory'
DEBUG main org.springframework.beans.factory.support.DefaultListableBeanFactory - Invoking afterPropertiesSet() on bean with name 'org.mybatis.spring.mapper.MapperScannerConfigurer#0'
DEBUG main org.springframework.beans.factory.support.DefaultListableBeanFactory - Finished creating instance of bean 'org.mybatis.spring.mapper.MapperScannerConfigurer#0'
DEBUG main org.springframework.core.env.StandardEnvironment - Adding [systemProperties] PropertySource with lowest search precedence
DEBUG main org.springframework.core.env.StandardEnvironment - Adding [systemEnvironment] PropertySource with lowest search precedence
DEBUG main org.springframework.core.env.StandardEnvironment - Initialized StandardEnvironment with PropertySources [systemProperties,systemEnvironment]
DEBUG main org.springframework.core.io.support.PathMatchingResourcePatternResolver - Looking for matching resources in directory tree [D:\IdeaProjects\SpringBootWorkPath\SSM_SHOP\target\classes\com\wh\mapper]
DEBUG main org.springframework.core.io.support.PathMatchingResourcePatternResolver - Searching directory [D:\IdeaProjects\SpringBootWorkPath\SSM_SHOP\target\classes\com\wh\mapper] for files matching pattern [D:/IdeaProjects/SpringBootWorkPath/SSM_SHOP/target/classes/com/wh/mapper/**/*.class]
DEBUG main org.springframework.core.io.support.PathMatchingResourcePatternResolver - Resolved location pattern [classpath*:com/wh/mapper/**/*.class] to resources [file [D:\IdeaProjects\SpringBootWorkPath\SSM_SHOP\target\classes\com\wh\mapper\SmbmsAddressMapper.class], file [D:\IdeaProjects\SpringBootWorkPath\SSM_SHOP\target\classes\com\wh\mapper\SmbmsBillMapper.class], file [D:\IdeaProjects\SpringBootWorkPath\SSM_SHOP\target\classes\com\wh\mapper\SmbmsProviderMapper.class], file [D:\IdeaProjects\SpringBootWorkPath\SSM_SHOP\target\classes\com\wh\mapper\SmbmsRoleMapper.class], file [D:\IdeaProjects\SpringBootWorkPath\SSM_SHOP\target\classes\com\wh\mapper\SmbmsUserMapper.class]]
DEBUG main org.mybatis.spring.mapper.ClassPathMapperScanner - Identified candidate component class: file [D:\IdeaProjects\SpringBootWorkPath\SSM_SHOP\target\classes\com\wh\mapper\SmbmsAddressMapper.class]
DEBUG main org.mybatis.spring.mapper.ClassPathMapperScanner - Identified candidate component class: file [D:\IdeaProjects\SpringBootWorkPath\SSM_SHOP\target\classes\com\wh\mapper\SmbmsBillMapper.class]
DEBUG main org.mybatis.spring.mapper.ClassPathMapperScanner - Identified candidate component class: file [D:\IdeaProjects\SpringBootWorkPath\SSM_SHOP\target\classes\com\wh\mapper\SmbmsProviderMapper.class]
DEBUG main org.mybatis.spring.mapper.ClassPathMapperScanner - Identified candidate component class: file [D:\IdeaProjects\SpringBootWorkPath\SSM_SHOP\target\classes\com\wh\mapper\SmbmsRoleMapper.class]
DEBUG main org.mybatis.spring.mapper.ClassPathMapperScanner - Identified candidate component class: file [D:\IdeaProjects\SpringBootWorkPath\SSM_SHOP\target\classes\com\wh\mapper\SmbmsUserMapper.class]
DEBUG main org.mybatis.spring.mapper.ClassPathMapperScanner - Creating MapperFactoryBean with name 'smbmsAddressMapper' and 'com.wh.mapper.SmbmsAddressMapper' mapperInterface
DEBUG main org.mybatis.spring.mapper.ClassPathMapperScanner - Creating MapperFactoryBean with name 'smbmsBillMapper' and 'com.wh.mapper.SmbmsBillMapper' mapperInterface
DEBUG main org.mybatis.spring.mapper.ClassPathMapperScanner - Creating MapperFactoryBean with name 'smbmsProviderMapper' and 'com.wh.mapper.SmbmsProviderMapper' mapperInterface
DEBUG main org.mybatis.spring.mapper.ClassPathMapperScanner - Creating MapperFactoryBean with name 'smbmsRoleMapper' and 'com.wh.mapper.SmbmsRoleMapper' mapperInterface
DEBUG main org.mybatis.spring.mapper.ClassPathMapperScanner - Creating MapperFactoryBean with name 'smbmsUserMapper' and 'com.wh.mapper.SmbmsUserMapper' mapperInterface
DEBUG main org.springframework.beans.factory.support.DefaultListableBeanFactory - Creating shared instance of singleton bean 'org.springframework.context.annotation.internalConfigurationAnnotationProcessor'
DEBUG main org.springframework.beans.factory.support.DefaultListableBeanFactory - Creating instance of bean 'org.springframework.context.annotation.internalConfigurationAnnotationProcessor'
DEBUG main org.springframework.beans.factory.support.DefaultListableBeanFactory - Eagerly caching bean 'org.springframework.context.annotation.internalConfigurationAnnotationProcessor' to allow for resolving potential circular references
DEBUG main org.springframework.beans.factory.support.DefaultListableBeanFactory - Finished creating instance of bean 'org.springframework.context.annotation.internalConfigurationAnnotationProcessor'
DEBUG main org.springframework.beans.factory.support.DefaultListableBeanFactory - Creating shared instance of singleton bean 'org.springframework.context.annotation.internalAutowiredAnnotationProcessor'
DEBUG main org.springframework.beans.factory.support.DefaultListableBeanFactory - Creating instance of bean 'org.springframework.context.annotation.internalAutowiredAnnotationProcessor'
DEBUG main org.springframework.beans.factory.support.DefaultListableBeanFactory - Eagerly caching bean 'org.springframework.context.annotation.internalAutowiredAnnotationProcessor' to allow for resolving potential circular references
DEBUG main org.springframework.beans.factory.support.DefaultListableBeanFactory - Finished creating instance of bean 'org.springframework.context.annotation.internalAutowiredAnnotationProcessor'
DEBUG main org.springframework.beans.factory.support.DefaultListableBeanFactory - Creating shared instance of singleton bean 'org.springframework.context.annotation.internalRequiredAnnotationProcessor'
DEBUG main org.springframework.beans.factory.support.DefaultListableBeanFactory - Creating instance of bean 'org.springframework.context.annotation.internalRequiredAnnotationProcessor'
DEBUG main org.springframework.beans.factory.support.DefaultListableBeanFactory - Eagerly caching bean 'org.springframework.context.annotation.internalRequiredAnnotationProcessor' to allow for resolving potential circular references
DEBUG main org.springframework.beans.factory.support.DefaultListableBeanFactory - Finished creating instance of bean 'org.springframework.context.annotation.internalRequiredAnnotationProcessor'
DEBUG main org.springframework.beans.factory.support.DefaultListableBeanFactory - Creating shared instance of singleton bean 'org.springframework.context.annotation.internalCommonAnnotationProcessor'
DEBUG main org.springframework.beans.factory.support.DefaultListableBeanFactory - Creating instance of bean 'org.springframework.context.annotation.internalCommonAnnotationProcessor'
DEBUG main org.springframework.beans.factory.support.DefaultListableBeanFactory - Eagerly caching bean 'org.springframework.context.annotation.internalCommonAnnotationProcessor' to allow for resolving potential circular references
DEBUG main org.springframework.beans.factory.support.DefaultListableBeanFactory - Finished creating instance of bean 'org.springframework.context.annotation.internalCommonAnnotationProcessor'
DEBUG main org.springframework.beans.factory.support.DefaultListableBeanFactory - Creating shared instance of singleton bean 'org.springframework.context.annotation.ConfigurationClassPostProcessor.importAwareProcessor'
DEBUG main org.springframework.beans.factory.support.DefaultListableBeanFactory - Creating instance of bean 'org.springframework.context.annotation.ConfigurationClassPostProcessor.importAwareProcessor'
DEBUG main org.springframework.beans.factory.support.DefaultListableBeanFactory - Eagerly caching bean 'org.springframework.context.annotation.ConfigurationClassPostProcessor.importAwareProcessor' to allow for resolving potential circular references
DEBUG main org.springframework.beans.factory.support.DefaultListableBeanFactory - Finished creating instance of bean 'org.springframework.context.annotation.ConfigurationClassPostProcessor.importAwareProcessor'
DEBUG main org.springframework.beans.factory.support.DefaultListableBeanFactory - Creating shared instance of singleton bean 'org.springframework.context.annotation.ConfigurationClassPostProcessor.enhancedConfigurationProcessor'
DEBUG main org.springframework.beans.factory.support.DefaultListableBeanFactory - Creating instance of bean 'org.springframework.context.annotation.ConfigurationClassPostProcessor.enhancedConfigurationProcessor'
DEBUG main org.springframework.beans.factory.support.DefaultListableBeanFactory - Eagerly caching bean 'org.springframework.context.annotation.ConfigurationClassPostProcessor.enhancedConfigurationProcessor' to allow for resolving potential circular references
DEBUG main org.springframework.beans.factory.support.DefaultListableBeanFactory - Finished creating instance of bean 'org.springframework.context.annotation.ConfigurationClassPostProcessor.enhancedConfigurationProcessor'
DEBUG main org.springframework.context.support.ClassPathXmlApplicationContext - Unable to locate MessageSource with name 'messageSource': using default [org.springframework.context.support.DelegatingMessageSource@50eac852]
DEBUG main org.springframework.context.support.ClassPathXmlApplicationContext - Unable to locate ApplicationEventMulticaster with name 'applicationEventMulticaster': using default [org.springframework.context.event.SimpleApplicationEventMulticaster@3835c46]
DEBUG main org.springframework.beans.factory.support.DefaultListableBeanFactory - Pre-instantiating singletons in org.springframework.beans.factory.support.DefaultListableBeanFactory@d8355a8: defining beans [dataSource,sessionFactory,org.mybatis.spring.mapper.MapperScannerConfigurer#0,smbmsAddressMapper,smbmsBillMapper,smbmsProviderMapper,smbmsRoleMapper,smbmsUserMapper,org.springframework.context.annotation.internalConfigurationAnnotationProcessor,org.springframework.context.annotation.internalAutowiredAnnotationProcessor,org.springframework.context.annotation.internalRequiredAnnotationProcessor,org.springframework.context.annotation.internalCommonAnnotationProcessor,org.springframework.context.annotation.ConfigurationClassPostProcessor.importAwareProcessor,org.springframework.context.annotation.ConfigurationClassPostProcessor.enhancedConfigurationProcessor]; root of factory hierarchy
DEBUG main org.springframework.beans.factory.support.DefaultListableBeanFactory - Returning cached instance of singleton bean 'dataSource'
DEBUG main org.springframework.beans.factory.support.DefaultListableBeanFactory - Returning cached instance of singleton bean 'sessionFactory'
DEBUG main org.springframework.beans.factory.support.DefaultListableBeanFactory - Returning cached instance of singleton bean 'org.mybatis.spring.mapper.MapperScannerConfigurer#0'
DEBUG main org.springframework.beans.factory.support.DefaultListableBeanFactory - Creating shared instance of singleton bean 'smbmsAddressMapper'
DEBUG main org.springframework.beans.factory.support.DefaultListableBeanFactory - Creating instance of bean 'smbmsAddressMapper'
DEBUG main org.springframework.beans.factory.support.DefaultListableBeanFactory - Eagerly caching bean 'smbmsAddressMapper' to allow for resolving potential circular references
DEBUG main org.springframework.beans.factory.support.DefaultListableBeanFactory - Invoking afterPropertiesSet() on bean with name 'smbmsAddressMapper'
DEBUG main org.springframework.beans.factory.support.DefaultListableBeanFactory - Finished creating instance of bean 'smbmsAddressMapper'
DEBUG main org.springframework.beans.factory.support.DefaultListableBeanFactory - Creating shared instance of singleton bean 'smbmsBillMapper'
DEBUG main org.springframework.beans.factory.support.DefaultListableBeanFactory - Creating instance of bean 'smbmsBillMapper'
DEBUG main org.springframework.beans.factory.support.DefaultListableBeanFactory - Eagerly caching bean 'smbmsBillMapper' to allow for resolving potential circular references
DEBUG main org.springframework.beans.factory.support.DefaultListableBeanFactory - Invoking afterPropertiesSet() on bean with name 'smbmsBillMapper'
DEBUG main org.springframework.beans.factory.support.DefaultListableBeanFactory - Finished creating instance of bean 'smbmsBillMapper'
DEBUG main org.springframework.beans.factory.support.DefaultListableBeanFactory - Creating shared instance of singleton bean 'smbmsProviderMapper'
DEBUG main org.springframework.beans.factory.support.DefaultListableBeanFactory - Creating instance of bean 'smbmsProviderMapper'
DEBUG main org.springframework.beans.factory.support.DefaultListableBeanFactory - Eagerly caching bean 'smbmsProviderMapper' to allow for resolving potential circular references
DEBUG main org.springframework.beans.factory.support.DefaultListableBeanFactory - Invoking afterPropertiesSet() on bean with name 'smbmsProviderMapper'
DEBUG main org.springframework.beans.factory.support.DefaultListableBeanFactory - Finished creating instance of bean 'smbmsProviderMapper'
DEBUG main org.springframework.beans.factory.support.DefaultListableBeanFactory - Creating shared instance of singleton bean 'smbmsRoleMapper'
DEBUG main org.springframework.beans.factory.support.DefaultListableBeanFactory - Creating instance of bean 'smbmsRoleMapper'
DEBUG main org.springframework.beans.factory.support.DefaultListableBeanFactory - Eagerly caching bean 'smbmsRoleMapper' to allow for resolving potential circular references
DEBUG main org.springframework.beans.factory.support.DefaultListableBeanFactory - Invoking afterPropertiesSet() on bean with name 'smbmsRoleMapper'
DEBUG main org.springframework.beans.factory.support.DefaultListableBeanFactory - Finished creating instance of bean 'smbmsRoleMapper'
DEBUG main org.springframework.beans.factory.support.DefaultListableBeanFactory - Creating shared instance of singleton bean 'smbmsUserMapper'
DEBUG main org.springframework.beans.factory.support.DefaultListableBeanFactory - Creating instance of bean 'smbmsUserMapper'
DEBUG main org.springframework.beans.factory.support.DefaultListableBeanFactory - Eagerly caching bean 'smbmsUserMapper' to allow for resolving potential circular references
DEBUG main org.springframework.beans.factory.support.DefaultListableBeanFactory - Invoking afterPropertiesSet() on bean with name 'smbmsUserMapper'
DEBUG main org.springframework.beans.factory.support.DefaultListableBeanFactory - Finished creating instance of bean 'smbmsUserMapper'
DEBUG main org.springframework.beans.factory.support.DefaultListableBeanFactory - Returning cached instance of singleton bean 'org.springframework.context.annotation.internalConfigurationAnnotationProcessor'
DEBUG main org.springframework.beans.factory.support.DefaultListableBeanFactory - Returning cached instance of singleton bean 'org.springframework.context.annotation.internalAutowiredAnnotationProcessor'
DEBUG main org.springframework.beans.factory.support.DefaultListableBeanFactory - Returning cached instance of singleton bean 'org.springframework.context.annotation.internalRequiredAnnotationProcessor'
DEBUG main org.springframework.beans.factory.support.DefaultListableBeanFactory - Returning cached instance of singleton bean 'org.springframework.context.annotation.internalCommonAnnotationProcessor'
DEBUG main org.springframework.beans.factory.support.DefaultListableBeanFactory - Returning cached instance of singleton bean 'org.springframework.context.annotation.ConfigurationClassPostProcessor.importAwareProcessor'
DEBUG main org.springframework.beans.factory.support.DefaultListableBeanFactory - Returning cached instance of singleton bean 'org.springframework.context.annotation.ConfigurationClassPostProcessor.enhancedConfigurationProcessor'
DEBUG main org.springframework.context.support.ClassPathXmlApplicationContext - Unable to locate LifecycleProcessor with name 'lifecycleProcessor': using default [org.springframework.context.support.DefaultLifecycleProcessor@158da8e]
DEBUG main org.springframework.beans.factory.support.DefaultListableBeanFactory - Returning cached instance of singleton bean 'lifecycleProcessor'
DEBUG main org.springframework.beans.factory.support.DefaultListableBeanFactory - Returning cached instance of singleton bean 'sessionFactory'
DEBUG main org.springframework.core.env.PropertySourcesPropertyResolver - Searching for key 'spring.liveBeansView.mbeanDomain' in [systemProperties]
DEBUG main org.springframework.core.env.PropertySourcesPropertyResolver - Searching for key 'spring.liveBeansView.mbeanDomain' in [systemEnvironment]
DEBUG main org.springframework.core.env.PropertySourcesPropertyResolver - Could not find key 'spring.liveBeansView.mbeanDomain' in any property source. Returning [null]
DEBUG main org.springframework.beans.factory.support.DefaultListableBeanFactory - Returning cached instance of singleton bean 'smbmsAddressMapper'
DEBUG main org.springframework.beans.factory.support.DefaultListableBeanFactory - Returning cached instance of singleton bean 'smbmsUserMapper'
DEBUG main org.mybatis.spring.SqlSessionUtils - Creating a new SqlSession
DEBUG main org.mybatis.spring.SqlSessionUtils - SqlSession [org.apache.ibatis.session.defaults.DefaultSqlSession@223d2c72] was not registered for synchronization because synchronization is not active
DEBUG main org.springframework.jdbc.datasource.DataSourceUtils - Fetching JDBC Connection from DataSource
ERROR main com.alibaba.druid.pool.DruidDataSource - testWhileIdle is true, validationQuery not set
INFO main com.alibaba.druid.pool.DruidDataSource - {dataSource-1} inited
DEBUG main org.mybatis.spring.transaction.SpringManagedTransaction - JDBC Connection [com.mysql.cj.jdbc.ConnectionImpl@37f1104d] will not be managed by Spring
DEBUG main com.wh.mapper.SmbmsUserMapper.selectByExample - ==>  Preparing: select id, userCode, userName, userPassword, gender, birthday, phone, address, userRole, createdBy, creationDate, modifyBy, modifyDate from smbms_user WHERE ( userCode = ? ) 
DEBUG main com.wh.mapper.SmbmsUserMapper.selectByExample - ==> Parameters: admin(String)
DEBUG main com.wh.mapper.SmbmsUserMapper.selectByExample - <==      Total: 1
DEBUG main org.mybatis.spring.SqlSessionUtils - Closing non transactional SqlSession [org.apache.ibatis.session.defaults.DefaultSqlSession@223d2c72]
DEBUG main org.springframework.jdbc.datasource.DataSourceUtils - Returning JDBC Connection to DataSource
